<?xml version="1.0" encoding="UTF-8"?>
<testsuite name="com.bhagyashriP.cure.ExampleUnitTest" tests="1" skipped="0" failures="0" errors="0" timestamp="2022-12-24T05:44:13" hostname="DESKTOP-DNRFSS5" time="0.013">
  <properties/>
  <testcase name="addition_isCorrect" classname="com.bhagyashriP.cure.ExampleUnitTest" time="0.013"/>
  <system-out><![CDATA[]]></system-out>
  <system-err><![CDATA[]]></system-err>
</testsuite>
